TN:
SF:src/components/theme-switcher.tsx
FN:1,(empty-report)
FNF:1
FNH:1
FNDA:1,(empty-report)
DA:8,0
DA:72,0
DA:73,0
DA:74,0
DA:75,0
DA:76,0
DA:77,0
DA:78,0
DA:81,0
DA:82,0
DA:83,0
DA:84,0
DA:85,0
DA:87,0
DA:88,0
DA:90,0
DA:91,0
DA:93,0
DA:95,0
DA:97,0
DA:98,0
DA:99,0
DA:100,0
DA:101,0
DA:102,0
DA:103,0
DA:104,0
DA:106,0
DA:107,0
DA:108,0
DA:111,0
DA:112,0
DA:113,0
DA:114,0
DA:115,0
DA:116,0
DA:118,0
DA:119,0
DA:120,0
DA:121,0
DA:123,0
DA:125,0
LF:42
LH:0
BRDA:1,0,0,1
BRF:1
BRH:1
end_of_record
TN:
SF:src/components/animate-ui/components/animate/code.tsx
FN:66,Code
FN:120,CodeHeader
FN:197,CodeBlock
FNF:3
FNH:3
FNDA:91,Code
FNDA:57,CodeHeader
FNDA:74,CodeBlock
DA:11,1
DA:12,1
DA:14,1
DA:18,1
DA:19,1
DA:20,1
DA:30,1
DA:31,1
DA:66,91
DA:67,91
DA:68,91
DA:69,91
DA:70,91
DA:71,91
DA:72,91
DA:73,91
DA:74,91
DA:75,91
DA:76,91
DA:77,91
DA:79,91
DA:120,57
DA:121,57
DA:122,57
DA:123,57
DA:124,57
DA:125,57
DA:126,57
DA:127,57
DA:129,57
DA:130,57
DA:131,57
DA:132,57
DA:133,57
DA:134,57
DA:135,57
DA:136,57
DA:138,57
DA:139,57
DA:140,57
DA:141,51
DA:142,51
DA:143,51
DA:144,51
DA:145,51
DA:146,51
DA:148,57
DA:150,57
DA:197,74
DA:198,74
DA:199,74
DA:200,74
DA:202,74
DA:203,74
DA:204,74
DA:205,74
DA:206,74
DA:207,74
DA:208,74
DA:209,74
DA:210,74
DA:211,74
DA:212,1
DA:213,74
DA:214,74
DA:215,74
DA:216,74
DA:217,74
DA:219,74
LF:69
LH:69
BRDA:66,0,0,91
BRDA:120,1,0,57
BRDA:138,2,0,2
BRDA:140,3,0,51
BRDA:197,4,0,74
BRDA:206,5,0,69
BRDA:206,6,0,5
BRDA:211,7,0,1
BRF:8
BRH:8
end_of_record
TN:
SF:src/components/animate-ui/components/buttons/copy.tsx
FN:115,CopyButton
FNF:1
FNH:1
FNDA:184,CopyButton
DA:10,1
DA:11,1
DA:12,1
DA:13,1
DA:15,1
DA:19,1
DA:20,1
DA:29,1
DA:30,1
DA:31,1
DA:32,1
DA:33,1
DA:34,1
DA:35,1
DA:36,1
DA:37,1
DA:38,1
DA:39,1
DA:40,1
DA:41,1
DA:42,1
DA:43,1
DA:44,1
DA:45,1
DA:46,1
DA:47,1
DA:48,1
DA:49,1
DA:50,1
DA:51,1
DA:52,1
DA:53,1
DA:54,1
DA:55,1
DA:56,1
DA:57,1
DA:58,1
DA:59,1
DA:115,184
DA:116,184
DA:117,184
DA:118,184
DA:119,184
DA:120,184
DA:121,184
DA:122,184
DA:123,184
DA:124,184
DA:125,184
DA:126,184
DA:127,184
DA:128,184
DA:129,184
DA:131,184
DA:132,184
DA:133,11
DA:134,11
DA:135,10
DA:136,10
DA:137,10
DA:138,10
DA:139,10
DA:140,10
DA:141,10
DA:142,3
DA:143,3
DA:144,10
DA:145,10
DA:146,10
DA:147,0
DA:148,10
DA:149,10
DA:150,11
DA:151,184
DA:152,184
DA:154,184
DA:156,184
DA:157,184
DA:158,184
DA:159,184
DA:160,184
DA:161,184
DA:163,184
DA:164,184
DA:165,184
DA:166,184
DA:167,184
DA:168,184
DA:169,184
DA:170,184
DA:172,184
DA:173,184
DA:174,184
DA:175,184
DA:177,184
LF:95
LH:94
BRDA:115,0,0,184
BRDA:154,1,0,12
BRDA:154,2,0,172
BRDA:172,3,0,12
BRDA:172,4,0,172
BRDA:132,5,0,11
BRDA:133,6,0,1
BRDA:134,7,0,1
BRDA:134,8,0,10
BRDA:138,9,0,10
BRDA:140,10,0,2
BRDA:141,11,0,3
BRDA:143,12,0,1
BRF:13
BRH:13
end_of_record
TN:
SF:src/components/animate-ui/primitives/animate/code-block.tsx
FN:99,CodeBlock
FN:135,loadHighlightedCode
FNF:2
FNH:2
FNDA:356,CodeBlock
FNDA:185,loadHighlightedCode
DA:10,1
DA:12,1
DA:99,356
DA:100,356
DA:101,356
DA:102,356
DA:103,356
DA:104,356
DA:105,356
DA:106,356
DA:107,356
DA:108,356
DA:109,356
DA:110,356
DA:111,356
DA:112,356
DA:113,356
DA:114,356
DA:115,356
DA:116,356
DA:117,356
DA:118,356
DA:119,356
DA:120,356
DA:121,356
DA:122,356
DA:123,356
DA:124,356
DA:125,356
DA:126,356
DA:128,356
DA:129,356
DA:130,356
DA:132,356
DA:133,322
DA:135,185
DA:136,185
DA:137,185
DA:139,185
DA:140,185
DA:141,185
DA:142,185
DA:143,185
DA:145,185
DA:146,185
DA:147,0
DA:148,0
DA:149,185
DA:151,185
DA:152,356
DA:154,356
DA:155,140
DA:156,132
DA:157,132
DA:158,132
DA:159,132
DA:160,132
DA:162,140
DA:164,8
DA:165,8
DA:166,8
DA:167,8
DA:168,8
DA:170,8
DA:171,4
DA:172,21
DA:173,20
DA:174,20
DA:175,20
DA:176,10
DA:177,10
DA:178,10
DA:179,10
DA:180,20
DA:181,20
DA:182,20
DA:183,20
DA:184,20
DA:185,20
DA:186,20
DA:187,21
DA:188,1
DA:189,1
DA:190,1
DA:191,1
DA:192,1
DA:193,1
DA:194,1
DA:195,1
DA:196,1
DA:197,4
DA:198,8
DA:200,8
DA:201,8
DA:202,8
DA:203,8
DA:204,356
DA:206,356
DA:207,186
DA:208,12
DA:209,92
DA:210,12
DA:211,0
DA:213,186
DA:215,12
DA:216,6
DA:217,6
DA:218,6
DA:219,6
DA:220,12
DA:221,356
DA:223,356
DA:224,356
DA:225,356
DA:226,356
DA:227,356
DA:228,356
DA:229,356
DA:230,356
DA:231,356
DA:233,356
LF:121
LH:118
BRDA:99,0,0,356
BRDA:132,1,0,322
BRDA:133,2,0,185
BRDA:133,3,0,137
BRDA:133,4,0,185
BRDA:135,5,0,185
BRDA:146,6,0,0
BRDA:154,7,0,140
BRDA:155,8,0,132
BRDA:157,9,0,1
BRDA:158,10,0,1
BRDA:160,11,0,8
BRDA:162,12,0,0
BRDA:162,13,0,8
BRDA:170,14,0,4
BRDA:171,15,0,21
BRDA:172,16,0,20
BRDA:187,17,0,1
BRDA:190,18,0,0
BRDA:173,19,0,20
BRDA:175,20,0,10
BRDA:200,21,0,8
BRDA:206,22,0,186
BRDA:207,23,0,12
BRDA:207,24,0,174
BRDA:207,25,0,92
BRDA:207,26,0,12
BRDA:209,27,0,1
BRDA:209,28,0,12
BRDA:210,29,0,0
BRDA:213,30,0,0
BRDA:213,31,0,12
BRDA:215,32,0,6
BRF:33
BRH:28
end_of_record
TN:
SF:src/components/animate-ui/primitives/animate/slot.tsx
FN:66,mergeRefs
FN:91,mergeProps
FN:145,Slot
FNF:3
FNH:3
FNDA:200,mergeRefs
FNDA:200,mergeProps
FNDA:200,Slot
DA:10,1
DA:11,1
DA:12,1
DA:66,200
DA:67,200
DA:68,200
DA:69,200
DA:70,400
DA:71,800
DA:72,800
DA:73,20
DA:74,800
DA:75,8
DA:76,8
DA:77,400
DA:78,400
DA:79,200
DA:91,200
DA:92,200
DA:93,200
DA:94,200
DA:95,200
DA:97,200
DA:98,15
DA:99,15
DA:100,15
DA:101,15
DA:102,15
DA:104,200
DA:105,1
DA:106,1
DA:107,1
DA:108,1
DA:109,1
DA:111,200
DA:112,200
DA:145,200
DA:146,200
DA:147,200
DA:148,200
DA:149,200
DA:150,200
DA:151,200
DA:152,0
DA:153,0
DA:155,200
DA:156,200
DA:157,199
DA:158,0
DA:159,199
DA:160,200
DA:161,200
DA:163,200
DA:165,200
DA:167,200
DA:169,200
DA:170,200
DA:172,200
LF:58
LH:55
BRDA:66,0,0,200
BRDA:69,1,0,400
BRDA:70,2,0,800
BRDA:71,3,0,772
BRDA:71,4,0,28
BRDA:72,5,0,20
BRDA:74,6,0,8
BRDA:91,7,0,200
BRDA:97,8,0,190
BRDA:97,9,0,15
BRDA:104,10,0,199
BRDA:104,11,0,1
BRDA:145,12,0,200
BRDA:151,13,0,0
BRDA:152,14,0,0
BRDA:163,15,0,0
BRDA:156,16,0,199
BRDA:157,17,0,0
BRF:18
BRH:14
end_of_record
TN:
SF:src/components/animate-ui/primitives/buttons/button.tsx
FN:62,Button
FNF:1
FNH:1
FNDA:251,Button
DA:10,1
DA:11,1
DA:13,1
DA:62,251
DA:63,251
DA:64,251
DA:65,251
DA:66,251
DA:67,251
DA:68,251
DA:70,251
DA:71,251
DA:72,251
DA:73,251
DA:74,251
DA:75,251
DA:77,251
LF:17
LH:17
BRDA:62,0,0,251
BRDA:68,1,0,3
BRDA:68,2,0,248
BRF:3
BRH:3
end_of_record
TN:
SF:src/components/ui/accordion.tsx
FN:1,(empty-report)
FNF:1
FNH:1
FNDA:1,(empty-report)
DA:10,0
DA:11,0
DA:12,0
DA:14,0
DA:50,0
DA:51,0
DA:52,0
DA:53,0
DA:54,0
DA:77,0
DA:78,0
DA:79,0
DA:80,0
DA:81,0
DA:82,0
DA:83,0
DA:84,0
DA:85,0
DA:86,0
DA:88,0
DA:108,0
DA:109,0
DA:110,0
DA:111,0
DA:112,0
DA:113,0
DA:114,0
DA:115,0
DA:116,0
DA:117,0
DA:118,0
DA:119,0
DA:120,0
DA:121,0
DA:123,0
DA:124,0
DA:125,0
DA:126,0
DA:128,0
DA:151,0
DA:152,0
DA:153,0
DA:154,0
DA:155,0
DA:156,0
DA:157,0
DA:158,0
DA:159,0
DA:160,0
DA:162,0
DA:163,0
DA:165,0
LF:52
LH:0
BRDA:1,0,0,1
BRF:1
BRH:1
end_of_record
TN:
SF:src/components/ui/alert-dialog.tsx
FN:1,(empty-report)
FNF:1
FNH:1
FNDA:1,(empty-report)
DA:10,0
DA:11,0
DA:13,0
DA:14,0
DA:47,0
DA:48,0
DA:49,0
DA:50,0
DA:51,0
DA:66,0
DA:67,0
DA:68,0
DA:69,0
DA:70,0
DA:72,0
DA:86,0
DA:87,0
DA:88,0
DA:89,0
DA:90,0
DA:92,0
DA:104,0
DA:105,0
DA:106,0
DA:107,0
DA:108,0
DA:109,0
DA:110,0
DA:111,0
DA:112,0
DA:113,0
DA:114,0
DA:115,0
DA:116,0
DA:118,0
DA:145,0
DA:146,0
DA:147,0
DA:148,0
DA:149,0
DA:150,0
DA:151,0
DA:152,0
DA:153,0
DA:154,0
DA:155,0
DA:156,0
DA:157,0
DA:158,0
DA:159,0
DA:160,0
DA:162,0
DA:175,0
DA:176,0
DA:177,0
DA:178,0
DA:179,0
DA:180,0
DA:181,0
DA:182,0
DA:183,0
DA:184,0
DA:186,0
DA:199,0
DA:200,0
DA:201,0
DA:202,0
DA:203,0
DA:204,0
DA:205,0
DA:206,0
DA:207,0
DA:208,0
DA:209,0
DA:210,0
DA:211,0
DA:213,0
DA:226,0
DA:227,0
DA:228,0
DA:229,0
DA:230,0
DA:231,0
DA:232,0
DA:233,0
DA:234,0
DA:235,0
DA:237,0
DA:250,0
DA:251,0
DA:252,0
DA:253,0
DA:254,0
DA:255,0
DA:256,0
DA:257,0
DA:258,0
DA:259,0
DA:261,0
DA:282,0
DA:283,0
DA:284,0
DA:285,0
DA:286,0
DA:287,0
DA:288,0
DA:289,0
DA:290,0
DA:292,0
DA:310,0
DA:311,0
DA:312,0
DA:313,0
DA:314,0
DA:315,0
DA:316,0
DA:317,0
DA:318,0
DA:320,0
LF:119
LH:0
BRDA:1,0,0,1
BRF:1
BRH:1
end_of_record
TN:
SF:src/components/ui/alert.tsx
FN:1,(empty-report)
FNF:1
FNH:1
FNDA:1,(empty-report)
DA:8,0
DA:9,0
DA:11,0
DA:28,0
DA:29,0
DA:30,0
DA:31,0
DA:32,0
DA:33,0
DA:34,0
DA:35,0
DA:36,0
DA:37,0
DA:38,0
DA:39,0
DA:40,0
DA:41,0
DA:42,0
DA:77,0
DA:78,0
DA:79,0
DA:80,0
DA:81,0
DA:82,0
DA:83,0
DA:84,0
DA:85,0
DA:86,0
DA:87,0
DA:88,0
DA:90,0
DA:114,0
DA:115,0
DA:116,0
DA:117,0
DA:118,0
DA:119,0
DA:120,0
DA:121,0
DA:122,0
DA:123,0
DA:125,0
DA:153,0
DA:154,0
DA:155,0
DA:156,0
DA:157,0
DA:158,0
DA:159,0
DA:160,0
DA:161,0
DA:162,0
DA:163,0
DA:164,0
DA:165,0
DA:167,0
LF:56
LH:0
BRDA:1,0,0,1
BRF:1
BRH:1
end_of_record
TN:
SF:src/components/ui/aspect-ratio.tsx
FN:1,(empty-report)
FNF:1
FNH:1
FNDA:1,(empty-report)
DA:10,0
DA:11,0
DA:43,0
DA:44,0
DA:45,0
DA:46,0
DA:47,0
LF:7
LH:0
BRDA:1,0,0,1
BRF:1
BRH:1
end_of_record
TN:
SF:src/components/ui/avatar.tsx
FN:1,(empty-report)
FNF:1
FNH:1
FNDA:1,(empty-report)
DA:10,0
DA:11,0
DA:13,0
DA:40,0
DA:41,0
DA:42,0
DA:43,0
DA:44,0
DA:45,0
DA:46,0
DA:47,0
DA:48,0
DA:49,0
DA:50,0
DA:51,0
DA:52,0
DA:54,0
DA:77,0
DA:78,0
DA:79,0
DA:80,0
DA:81,0
DA:82,0
DA:83,0
DA:84,0
DA:85,0
DA:86,0
DA:88,0
DA:118,0
DA:119,0
DA:120,0
DA:121,0
DA:122,0
DA:123,0
DA:124,0
DA:125,0
DA:126,0
DA:127,0
DA:128,0
DA:129,0
DA:130,0
DA:132,0
LF:42
LH:0
BRDA:1,0,0,1
BRF:1
BRH:1
end_of_record
TN:
SF:src/components/ui/badge.tsx
FN:1,(empty-report)
FNF:1
FNH:1
FNDA:1,(empty-report)
DA:8,0
DA:9,0
DA:10,0
DA:12,0
DA:28,0
DA:29,0
DA:30,0
DA:31,0
DA:32,0
DA:33,0
DA:34,0
DA:35,0
DA:36,0
DA:37,0
DA:38,0
DA:39,0
DA:40,0
DA:41,0
DA:42,0
DA:43,0
DA:44,0
DA:45,0
DA:46,0
DA:47,0
DA:95,0
DA:96,0
DA:97,0
DA:98,0
DA:99,0
DA:100,0
DA:101,0
DA:103,0
DA:104,0
DA:105,0
DA:106,0
DA:107,0
DA:108,0
DA:110,0
LF:38
LH:0
BRDA:1,0,0,1
BRF:1
BRH:1
end_of_record
TN:
SF:src/components/ui/button.tsx
FN:1,(empty-report)
FNF:1
FNH:1
FNDA:1,(empty-report)
DA:8,0
DA:9,0
DA:10,0
DA:12,0
DA:28,0
DA:29,0
DA:30,0
DA:31,0
DA:32,0
DA:33,0
DA:34,0
DA:35,0
DA:36,0
DA:37,0
DA:38,0
DA:39,0
DA:40,0
DA:41,0
DA:42,0
DA:43,0
DA:44,0
DA:45,0
DA:46,0
DA:47,0
DA:48,0
DA:49,0
DA:50,0
DA:51,0
DA:52,0
DA:53,0
DA:54,0
DA:55,0
DA:56,0
DA:57,0
DA:58,0
DA:59,0
DA:102,0
DA:103,0
DA:104,0
DA:105,0
DA:106,0
DA:107,0
DA:108,0
DA:111,0
DA:112,0
DA:114,0
DA:115,0
DA:116,0
DA:117,0
DA:118,0
DA:119,0
DA:121,0
LF:52
LH:0
BRDA:1,0,0,1
BRF:1
BRH:1
end_of_record
TN:
SF:src/components/ui/card.tsx
FN:1,(empty-report)
FNF:1
FNH:1
FNDA:1,(empty-report)
DA:8,0
DA:10,0
DA:39,0
DA:40,0
DA:41,0
DA:42,0
DA:43,0
DA:44,0
DA:45,0
DA:46,0
DA:47,0
DA:48,0
DA:50,0
DA:80,0
DA:81,0
DA:82,0
DA:83,0
DA:84,0
DA:85,0
DA:86,0
DA:87,0
DA:88,0
DA:89,0
DA:91,0
DA:112,0
DA:113,0
DA:114,0
DA:115,0
DA:116,0
DA:117,0
DA:118,0
DA:120,0
DA:144,0
DA:145,0
DA:146,0
DA:147,0
DA:148,0
DA:149,0
DA:150,0
DA:152,0
DA:180,0
DA:181,0
DA:182,0
DA:183,0
DA:184,0
DA:185,0
DA:186,0
DA:187,0
DA:188,0
DA:189,0
DA:191,0
DA:216,0
DA:217,0
DA:218,0
DA:219,0
DA:220,0
DA:221,0
DA:222,0
DA:224,0
DA:250,0
DA:251,0
DA:252,0
DA:253,0
DA:254,0
DA:255,0
DA:256,0
DA:258,0
LF:67
LH:0
BRDA:1,0,0,1
BRF:1
BRH:1
end_of_record
TN:
SF:src/components/ui/dialog.tsx
FN:1,(empty-report)
FNF:1
FNH:1
FNDA:1,(empty-report)
DA:10,0
DA:11,0
DA:12,0
DA:14,0
DA:46,0
DA:47,0
DA:48,0
DA:49,0
DA:50,0
DA:72,0
DA:73,0
DA:74,0
DA:75,0
DA:76,0
DA:92,0
DA:93,0
DA:94,0
DA:95,0
DA:96,0
DA:120,0
DA:121,0
DA:122,0
DA:123,0
DA:124,0
DA:139,0
DA:140,0
DA:141,0
DA:142,0
DA:143,0
DA:144,0
DA:145,0
DA:146,0
DA:147,0
DA:148,0
DA:149,0
DA:150,0
DA:151,0
DA:153,0
DA:191,0
DA:192,0
DA:193,0
DA:194,0
DA:195,0
DA:196,0
DA:198,0
DA:199,0
DA:200,0
DA:201,0
DA:202,0
DA:203,0
DA:204,0
DA:205,0
DA:206,0
DA:207,0
DA:208,0
DA:210,0
DA:211,0
DA:212,0
DA:213,0
DA:214,0
DA:216,0
DA:217,0
DA:218,0
DA:220,0
DA:221,0
DA:223,0
DA:248,0
DA:249,0
DA:250,0
DA:251,0
DA:252,0
DA:253,0
DA:254,0
DA:256,0
DA:279,0
DA:280,0
DA:281,0
DA:282,0
DA:283,0
DA:284,0
DA:285,0
DA:286,0
DA:287,0
DA:288,0
DA:290,0
DA:311,0
DA:312,0
DA:313,0
DA:314,0
DA:315,0
DA:316,0
DA:317,0
DA:318,0
DA:319,0
DA:320,0
DA:322,0
DA:345,0
DA:346,0
DA:347,0
DA:348,0
DA:349,0
DA:350,0
DA:351,0
DA:352,0
DA:353,0
DA:354,0
DA:356,0
LF:107
LH:0
BRDA:1,0,0,1
BRF:1
BRH:1
end_of_record
TN:
SF:src/components/ui/table.tsx
FN:1,(empty-report)
FNF:1
FNH:1
FNDA:1,(empty-report)
DA:9,0
DA:11,0
DA:42,0
DA:43,0
DA:44,0
DA:45,0
DA:46,0
DA:48,0
DA:49,0
DA:50,0
DA:51,0
DA:52,0
DA:53,0
DA:55,0
DA:78,0
DA:79,0
DA:80,0
DA:81,0
DA:82,0
DA:83,0
DA:84,0
DA:86,0
DA:109,0
DA:110,0
DA:111,0
DA:112,0
DA:113,0
DA:114,0
DA:115,0
DA:117,0
DA:140,0
DA:141,0
DA:142,0
DA:143,0
DA:144,0
DA:145,0
DA:146,0
DA:147,0
DA:148,0
DA:149,0
DA:151,0
DA:179,0
DA:180,0
DA:181,0
DA:182,0
DA:183,0
DA:184,0
DA:185,0
DA:186,0
DA:187,0
DA:188,0
DA:190,0
DA:213,0
DA:214,0
DA:215,0
DA:216,0
DA:217,0
DA:218,0
DA:219,0
DA:220,0
DA:221,0
DA:222,0
DA:224,0
DA:247,0
DA:248,0
DA:249,0
DA:250,0
DA:251,0
DA:252,0
DA:253,0
DA:254,0
DA:255,0
DA:256,0
DA:258,0
DA:279,0
DA:280,0
DA:281,0
DA:282,0
DA:283,0
DA:284,0
DA:285,0
DA:286,0
DA:287,0
DA:288,0
DA:290,0
LF:85
LH:0
BRDA:1,0,0,1
BRF:1
BRH:1
end_of_record
TN:
SF:src/hooks/use-controlled-state.tsx
FN:9,useControlledState
FNF:1
FNH:1
FNDA:184,useControlledState
DA:1,1
DA:9,1
DA:10,184
DA:13,184
DA:14,184
DA:16,184
DA:17,184
DA:18,184
DA:20,184
DA:21,169
DA:22,184
DA:24,184
DA:25,184
DA:26,13
DA:27,13
DA:28,13
DA:29,184
DA:30,184
DA:32,184
DA:33,184
LF:20
LH:20
BRDA:9,0,0,184
BRDA:17,1,0,4
BRDA:17,2,0,180
BRDA:20,3,0,169
BRDA:21,4,0,3
BRDA:25,5,0,13
BRDA:27,6,0,3
BRF:7
BRH:7
end_of_record
TN:
SF:src/hooks/use-is-in-view.tsx
FN:1,(empty-report)
FNF:1
FNH:0
FNDA:0,(empty-report)
DA:1,0
DA:2,0
DA:10,0
DA:11,0
DA:12,0
DA:13,0
DA:14,0
DA:15,0
DA:16,0
DA:17,0
DA:18,0
DA:19,0
DA:20,0
DA:21,0
DA:22,0
DA:23,0
LF:16
LH:0
BRDA:1,0,0,0
BRF:1
BRH:0
end_of_record
TN:
SF:src/lib/get-strict-context.tsx
FN:3,getStrictContext
FN:17,Provider
FN:25,useSafeContext
FNF:3
FNH:3
FNDA:1,getStrictContext
FNDA:91,Provider
FNDA:135,useSafeContext
DA:1,1
DA:3,1
DA:4,1
DA:14,1
DA:15,1
DA:17,1
DA:18,91
DA:19,91
DA:20,91
DA:23,91
DA:25,1
DA:26,135
DA:27,135
DA:28,2
DA:29,2
DA:30,132
DA:31,135
DA:33,1
DA:34,1
LF:19
LH:19
BRDA:3,0,0,1
BRDA:17,1,0,91
BRDA:25,2,0,135
BRDA:27,3,0,2
BRDA:28,4,0,0
BRDA:29,5,0,132
BRF:6
BRH:5
end_of_record
TN:
SF:src/lib/utils.ts
FN:22,cn
FNF:1
FNH:1
FNDA:421,cn
DA:1,1
DA:2,1
DA:22,1
DA:23,421
DA:24,421
LF:5
LH:5
BRDA:22,0,0,421
BRF:1
BRH:1
end_of_record
TN:
SF:src/providers/theme-provider.tsx
FN:1,(empty-report)
FNF:1
FNH:1
FNDA:1,(empty-report)
DA:10,0
DA:14,0
DA:78,0
DA:85,0
DA:92,0
DA:99,0
DA:107,0
DA:108,0
DA:109,0
DA:118,0
DA:119,0
DA:120,0
DA:121,0
DA:122,0
DA:123,0
DA:131,0
DA:132,0
DA:133,0
DA:134,0
DA:135,0
DA:136,0
DA:138,0
DA:139,0
DA:140,0
DA:141,0
DA:149,0
DA:150,0
DA:151,0
DA:154,0
DA:155,0
DA:156,0
DA:157,0
DA:158,0
DA:159,0
DA:160,0
DA:162,0
DA:163,0
DA:170,0
DA:177,0
DA:185,0
DA:186,0
DA:187,0
DA:195,0
DA:196,0
DA:197,0
DA:206,0
DA:207,0
DA:208,0
DA:209,0
DA:210,0
DA:211,0
DA:214,0
DA:216,0
DA:217,0
DA:218,0
DA:219,0
DA:220,0
DA:231,0
DA:232,0
DA:233,0
DA:234,0
DA:237,0
DA:238,0
DA:239,0
DA:240,0
DA:241,0
DA:242,0
DA:244,0
DA:245,0
DA:246,0
DA:247,0
DA:248,0
DA:250,0
DA:253,0
DA:254,0
DA:256,0
DA:257,0
DA:260,0
DA:261,0
DA:262,0
DA:263,0
DA:266,0
DA:267,0
DA:268,0
DA:269,0
DA:270,0
DA:273,0
DA:274,0
DA:276,0
DA:277,0
DA:278,0
DA:280,0
DA:281,0
DA:282,0
DA:283,0
DA:284,0
DA:285,0
DA:287,0
DA:288,0
DA:289,0
DA:290,0
DA:291,0
DA:292,0
DA:293,0
DA:294,0
DA:295,0
DA:296,0
DA:297,0
DA:299,0
DA:300,0
DA:302,0
DA:351,0
DA:352,0
DA:353,0
DA:354,0
DA:355,0
DA:356,0
DA:357,0
DA:358,0
DA:359,0
DA:360,0
DA:361,0
DA:362,0
DA:364,0
DA:365,0
DA:366,0
DA:367,0
DA:369,0
DA:399,0
DA:400,0
DA:401,0
DA:402,0
DA:403,0
DA:404,0
DA:405,0
DA:413,0
DA:414,0
DA:415,0
DA:416,0
DA:417,0
DA:418,0
DA:419,0
DA:422,0
DA:423,0
DA:424,0
DA:425,0
DA:426,0
DA:427,0
DA:428,0
LF:149
LH:0
BRDA:1,0,0,1
BRF:1
BRH:1
end_of_record
